<?xml version="1.0" encoding="UTF-8"?>
<!-- Generated by org.testng.reporters.JUnitXMLReporter -->
<testsuite ignored="0" hostname="Sudam12RK" failures="0" tests="7" name="mytest" time="9.951" errors="0" timestamp="2024-08-17T10:36:41 IST">
  <testcase classname="seleniumAutomation.OrangeHRM" name="openapp" time="5.174"/>
  <testcase classname="seleniumAutomation.OrangeHRM" name="testlogo" time="3.072"/>
  <testcase classname="seleniumAutomation.OrangeHRM" name="login" time="1.521"/>
  <testcase classname="seleniumAutomation.OrangeHRM" name="logout" time="0.102"/>
  <testcase classname="seleniumAutomation.Day1" name="openapp" time="0.002"/>
  <testcase classname="seleniumAutomation.Day1" name="login" time="0.002"/>
  <testcase classname="seleniumAutomation.Day1" name="logout" time="0.002"/>
</testsuite> <!-- mytest -->
