<?xml version="1.0" encoding="UTF-8"?>
<!-- Generated by org.testng.reporters.JUnitXMLReporter -->
<testsuite ignored="0" hostname="Sudam12RK" failures="0" tests="4" name="Default test" time="14.666" errors="0" timestamp="2024-09-08T16:17:40 IST">
  <testcase classname="seleniumAutomation.OrangeHRM" name="openapp" time="9.735"/>
  <testcase classname="seleniumAutomation.OrangeHRM" name="testlogo" time="3.061"/>
  <testcase classname="seleniumAutomation.OrangeHRM" name="login" time="1.709"/>
  <testcase classname="seleniumAutomation.OrangeHRM" name="logout" time="0.084"/>
</testsuite> <!-- Default test -->
