<?xml version="1.0" encoding="UTF-8"?>
<!-- Generated by org.testng.reporters.JUnitXMLReporter -->
<testsuite ignored="0" hostname="Sudam12RK" failures="1" tests="1" name="FirefoxTest" time="0.006" errors="0" timestamp="2024-08-18T20:10:49 IST">
  <testcase classname="crossbrowserTesting.Browsertesting" name="@AfterTest logout" time="0.0">
    <failure type="java.lang.NullPointerException" message="Cannot invoke &amp;quot;org.openqa.selenium.WebDriver.quit()&amp;quot; because &amp;quot;this.driver&amp;quot; is null">
      <![CDATA[java.lang.NullPointerException: Cannot invoke "org.openqa.selenium.WebDriver.quit()" because "this.driver" is null
at crossbrowserTesting.Browsertesting.logout(Browsertesting.java:77)
... Removed 22 stack frames]]>
    </failure>
  </testcase> <!-- @AfterTest logout -->
  <testcase classname="crossbrowserTesting.Browsertesting" name="OrangeHrmlogin" time="0.001">
    <failure type="java.lang.NullPointerException" message="Cannot invoke &amp;quot;org.openqa.selenium.WebDriver.get(String)&amp;quot; because &amp;quot;this.driver&amp;quot; is null">
      <![CDATA[java.lang.NullPointerException: Cannot invoke "org.openqa.selenium.WebDriver.get(String)" because "this.driver" is null
at crossbrowserTesting.Browsertesting.OrangeHrmlogin(Browsertesting.java:55)
at java.base/java.util.ArrayList.forEach(ArrayList.java:1597)
... Removed 25 stack frames]]>
    </failure>
  </testcase> <!-- OrangeHrmlogin -->
</testsuite> <!-- FirefoxTest -->
