<?xml version="1.0" encoding="UTF-8"?>
<testng-results ignored="0" total="4" passed="4" failed="0" skipped="0">
  <reporter-output>
  </reporter-output>
  <suite started-at="2024-09-08T16:17:26 IST" name="Default suite" finished-at="2024-09-08T16:17:40 IST" duration-ms="14666">
    <groups>
    </groups>
    <test started-at="2024-09-08T16:17:26 IST" name="Default test" finished-at="2024-09-08T16:17:40 IST" duration-ms="14666">
      <class name="seleniumAutomation.OrangeHRM">
        <test-method signature="openapp()[pri:1, instance:seleniumAutomation.OrangeHRM@a514af7]" started-at="2024-09-08T16:17:26 IST" name="openapp" finished-at="2024-09-08T16:17:35 IST" duration-ms="9735" status="PASS">
          <reporter-output>
          </reporter-output>
        </test-method> <!-- openapp -->
        <test-method signature="testlogo()[pri:2, instance:seleniumAutomation.OrangeHRM@a514af7]" started-at="2024-09-08T16:17:36 IST" name="testlogo" finished-at="2024-09-08T16:17:39 IST" duration-ms="3061" status="PASS">
          <reporter-output>
          </reporter-output>
        </test-method> <!-- testlogo -->
        <test-method signature="login()[pri:3, instance:seleniumAutomation.OrangeHRM@a514af7]" started-at="2024-09-08T16:17:39 IST" name="login" finished-at="2024-09-08T16:17:40 IST" duration-ms="1709" status="PASS">
          <reporter-output>
          </reporter-output>
        </test-method> <!-- login -->
        <test-method signature="logout()[pri:4, instance:seleniumAutomation.OrangeHRM@a514af7]" started-at="2024-09-08T16:17:40 IST" name="logout" finished-at="2024-09-08T16:17:40 IST" duration-ms="84" status="PASS">
          <reporter-output>
          </reporter-output>
        </test-method> <!-- logout -->
      </class> <!-- seleniumAutomation.OrangeHRM -->
    </test> <!-- Default test -->
  </suite> <!-- Default suite -->
</testng-results>
